<?xml version="1.0" encoding="UTF-8"?>
<!-- Generated by org.testng.reporters.JUnitReportReporter -->
<testsuite hostname="Sujal" failures="0" tests="1" name="selenium.TakeScreenshotFB" time="16.518" errors="0" timestamp="21 Mar 2019 11:09:31 GMT" skipped="0">
  <testcase classname="selenium.TakeScreenshotFB" name="launchBrowser" time="16.518"/>
</testsuite> <!-- selenium.TakeScreenshotFB -->
