<?xml version="1.0" encoding="UTF-8"?>
<!-- Generated by org.testng.reporters.JUnitReportReporter -->
<testsuite hostname="Sujal" failures="0" tests="5" name="selenium.Practice" time="4.930" errors="0" timestamp="19 Mar 2019 13:03:31 GMT" skipped="4">
  <testcase classname="selenium.Practice" name="navigatescroll" time="4.930"/>
  <testcase classname="selenium.Practice" name="signout">
    <skipped/>
  </testcase> <!-- signout -->
  <testcase classname="selenium.Practice" name="signoutseconduser">
    <skipped/>
  </testcase> <!-- signoutseconduser -->
  <testcase classname="selenium.Practice" name="userlogin">
    <skipped/>
  </testcase> <!-- userlogin -->
  <testcase classname="selenium.Practice" name="userlogin1">
    <skipped/>
  </testcase> <!-- userlogin1 -->
</testsuite> <!-- selenium.Practice -->
