<?xml version="1.0" encoding="UTF-8"?>
<!-- Generated by org.testng.reporters.JUnitReportReporter -->
<testsuite hostname="Sujal" failures="0" tests="4" name="com.testng.practise.edurekhs.testNGGroup" time="80.843" errors="0" timestamp="09 Dec 2018 23:41:43 GMT" skipped="0">
  <testcase classname="com.testng.practise.edurekhs.testNGGroup" name="signon" time="4.833"/>
  <testcase classname="com.testng.practise.edurekhs.testNGGroup" name="alogin" time="13.965"/>
  <testcase classname="com.testng.practise.edurekhs.testNGGroup" name="browsingAllCourses" time="48.971"/>
  <testcase classname="com.testng.practise.edurekhs.testNGGroup" name="clogout" time="13.074"/>
</testsuite> <!-- com.testng.practise.edurekhs.testNGGroup -->
