<?xml version="1.0" encoding="UTF-8"?>
<!-- Generated by org.testng.reporters.JUnitReportReporter -->
<testsuite skipped="0" hostname="Sujal" name="demos.NewTest" tests="1" failures="0" timestamp="11 Oct 2018 12:42:34 GMT" time="0.024" errors="0">
  <testcase name="f" time="0.024" classname="demos.NewTest"/>
</testsuite> <!-- demos.NewTest -->
